TN:
SF:src\domain\Entity\Address.ts
FN:7,Address
FN:14,get street
FN:18,get number
FN:22,get zip
FN:26,get city
FNF:5
FNH:5
FNDA:12,Address
FNDA:7,get street
FNDA:7,get number
FNDA:7,get zip
FNDA:7,get city
DA:1,1
DA:2,1
DA:3,1
DA:4,1
DA:5,1
DA:6,1
DA:7,1
DA:8,12
DA:9,12
DA:10,12
DA:11,12
DA:12,12
DA:13,1
DA:14,1
DA:15,7
DA:16,7
DA:17,1
DA:18,1
DA:19,7
DA:20,7
DA:21,1
DA:22,1
DA:23,7
DA:24,7
DA:25,1
DA:26,1
DA:27,7
DA:28,7
DA:29,1
LF:29
LH:29
BRDA:7,0,0,12
BRDA:14,1,0,7
BRDA:18,2,0,7
BRDA:22,3,0,7
BRDA:26,4,0,7
BRF:5
BRH:5
end_of_record
TN:
SF:src\domain\Entity\Customer.ts
FN:10,Customer
FN:17,valide
FN:24,changeName
FN:29,isActive
FN:35,get active
FN:39,set active
FN:43,get rewardPoints
FN:47,set rewardPoints
FN:51,get adress
FN:55,get name
FN:58,get id
FN:62,addRewardPoints
FNF:12
FNH:10
FNDA:12,Customer
FNDA:14,valide
FNDA:2,changeName
FNDA:7,isActive
FNDA:2,get active
FNDA:3,set active
FNDA:7,get rewardPoints
FNDA:0,set rewardPoints
FNDA:28,get adress
FNDA:7,get name
FNDA:8,get id
FNDA:0,addRewardPoints
DA:1,1
DA:2,1
DA:3,1
DA:4,1
DA:5,1
DA:6,1
DA:7,1
DA:8,1
DA:9,1
DA:10,1
DA:11,12
DA:12,12
DA:13,12
DA:14,12
DA:15,12
DA:16,1
DA:17,1
DA:18,14
DA:19,13
DA:20,14
DA:21,14
DA:22,14
DA:23,1
DA:24,1
DA:25,2
DA:26,2
DA:27,2
DA:28,1
DA:29,1
DA:30,7
DA:31,7
DA:32,7
DA:33,7
DA:34,1
DA:35,1
DA:36,2
DA:37,2
DA:38,1
DA:39,1
DA:40,3
DA:41,3
DA:42,1
DA:43,1
DA:44,7
DA:45,7
DA:46,1
DA:47,1
DA:48,0
DA:49,0
DA:50,1
DA:51,1
DA:52,28
DA:53,28
DA:54,1
DA:55,1
DA:56,7
DA:57,7
DA:58,1
DA:59,8
DA:60,8
DA:61,1
DA:62,1
DA:63,0
DA:64,0
DA:65,1
LF:65
LH:61
BRDA:10,0,0,12
BRDA:17,1,0,14
BRDA:18,2,0,1
BRDA:19,3,0,13
BRDA:20,4,0,11
BRDA:21,5,0,2
BRDA:24,6,0,2
BRDA:29,7,0,7
BRDA:35,8,0,2
BRDA:39,9,0,3
BRDA:43,10,0,7
BRDA:51,11,0,28
BRDA:55,12,0,7
BRDA:58,13,0,8
BRF:14
BRH:14
end_of_record
TN:
SF:src\domain\Entity\Order.ts
FN:9,Order
FN:17,isValid
FN:26,total
FNF:3
FNH:3
FNDA:6,Order
FNDA:6,isValid
FNDA:9,total
DA:1,1
DA:2,1
DA:3,1
DA:4,1
DA:5,1
DA:6,1
DA:7,1
DA:8,1
DA:9,1
DA:10,6
DA:11,6
DA:12,6
DA:13,6
DA:14,6
DA:15,6
DA:16,1
DA:17,1
DA:18,6
DA:19,6
DA:20,6
DA:21,6
DA:22,3
DA:23,3
DA:24,3
DA:25,1
DA:26,1
DA:27,9
DA:28,8
DA:29,9
DA:30,9
DA:31,9
DA:32,9
DA:33,1
DA:34,1
DA:35,1
LF:35
LH:35
BRDA:9,0,0,6
BRDA:17,1,0,6
BRDA:18,2,0,1
BRDA:19,3,0,5
BRDA:19,4,0,1
BRDA:20,5,0,4
BRDA:21,6,0,3
BRDA:21,7,0,1
BRDA:26,8,0,9
BRDA:27,9,0,8
BRF:10
BRH:10
end_of_record
TN:
SF:src\domain\Entity\Product.ts
FN:6,Product
FN:13,isValid
FN:20,get id
FN:24,get price
FN:28,set price
FN:32,get name
FN:36,set name
FNF:7
FNH:7
FNDA:14,Product
FNDA:14,isValid
FNDA:12,get id
FNDA:13,get price
FNDA:2,set price
FNDA:7,get name
FNDA:1,set name
DA:1,1
DA:2,1
DA:3,1
DA:4,1
DA:5,1
DA:6,1
DA:7,14
DA:8,14
DA:9,14
DA:10,14
DA:11,14
DA:12,1
DA:13,1
DA:14,14
DA:15,13
DA:16,12
DA:17,12
DA:18,12
DA:19,1
DA:20,1
DA:21,12
DA:22,12
DA:23,1
DA:24,1
DA:25,13
DA:26,13
DA:27,1
DA:28,1
DA:29,2
DA:30,2
DA:31,1
DA:32,1
DA:33,7
DA:34,7
DA:35,1
DA:36,1
DA:37,1
DA:38,1
DA:39,1
LF:39
LH:39
BRDA:6,0,0,14
BRDA:13,1,0,14
BRDA:14,2,0,13
BRDA:14,3,0,1
BRDA:15,4,0,1
BRDA:16,5,0,12
BRDA:20,6,0,12
BRDA:24,7,0,13
BRDA:28,8,0,2
BRDA:32,9,0,7
BRDA:36,10,0,1
BRF:11
BRH:11
end_of_record
TN:
SF:src\domain\Entity\order_item.ts
FN:8,OrderItem
FN:23,isValid
FN:27,get price
FN:31,get quantity
FNF:4
FNH:4
FNDA:6,OrderItem
FNDA:6,isValid
FNDA:8,get price
FNDA:14,get quantity
DA:1,1
DA:2,1
DA:3,1
DA:4,1
DA:5,1
DA:6,1
DA:7,1
DA:8,1
DA:9,6
DA:10,6
DA:11,6
DA:12,6
DA:13,6
DA:14,6
DA:15,6
DA:16,6
DA:17,6
DA:18,6
DA:19,6
DA:20,6
DA:21,6
DA:22,1
DA:23,1
DA:24,6
DA:25,6
DA:26,1
DA:27,1
DA:28,8
DA:29,8
DA:30,1
DA:31,1
DA:32,14
DA:33,14
DA:34,1
DA:35,1
DA:36,1
LF:36
LH:36
BRDA:8,0,0,6
BRDA:23,1,0,6
BRDA:24,2,0,1
BRDA:27,3,0,8
BRDA:31,4,0,14
BRF:5
BRH:5
end_of_record
TN:
SF:src\domain\repository\customer-repository.interface.ts
FN:10,create
FN:22,update
FN:41,find
FN:58,findAll
FNF:4
FNH:4
FNDA:5,create
FNDA:1,update
FNDA:1,find
FNDA:1,findAll
DA:1,1
DA:2,1
DA:3,1
DA:4,1
DA:5,1
DA:6,1
DA:7,1
DA:8,1
DA:9,1
DA:10,1
DA:11,5
DA:12,5
DA:13,5
DA:14,5
DA:15,5
DA:16,5
DA:17,5
DA:18,5
DA:19,5
DA:20,5
DA:21,5
DA:22,1
DA:23,1
DA:24,1
DA:25,1
DA:26,1
DA:27,1
DA:28,1
DA:29,1
DA:30,1
DA:31,1
DA:32,1
DA:33,1
DA:34,1
DA:35,1
DA:36,1
DA:37,1
DA:38,1
DA:39,1
DA:40,1
DA:41,1
DA:42,1
DA:43,1
DA:44,1
DA:45,1
DA:46,1
DA:47,1
DA:48,1
DA:49,1
DA:50,1
DA:51,1
DA:52,1
DA:53,1
DA:54,1
DA:55,1
DA:56,1
DA:57,1
DA:58,1
DA:59,1
DA:60,1
DA:61,2
DA:62,2
DA:63,2
DA:64,2
DA:65,2
DA:66,2
DA:67,2
DA:68,2
DA:69,2
DA:70,2
DA:71,1
DA:72,1
DA:73,1
LF:73
LH:73
BRDA:10,0,0,5
BRDA:22,1,0,1
BRDA:41,2,0,1
BRDA:58,3,0,1
BRDA:60,4,0,2
BRF:5
BRH:5
end_of_record
TN:
SF:src\domain\repository\product-repository.interface.ts
FN:8,create
FN:15,update
FN:29,find
FN:38,findAll
FNF:4
FNH:4
FNDA:5,create
FNDA:1,update
FNDA:1,find
FNDA:1,findAll
DA:1,1
DA:2,1
DA:3,1
DA:4,1
DA:5,1
DA:6,1
DA:7,1
DA:8,1
DA:9,5
DA:10,5
DA:11,5
DA:12,5
DA:13,5
DA:14,5
DA:15,1
DA:16,1
DA:17,1
DA:18,1
DA:19,1
DA:20,1
DA:21,1
DA:22,1
DA:23,1
DA:24,1
DA:25,1
DA:26,1
DA:27,1
DA:28,1
DA:29,1
DA:30,1
DA:31,1
DA:32,1
DA:33,1
DA:34,1
DA:35,1
DA:36,1
DA:37,1
DA:38,1
DA:39,1
DA:40,1
DA:41,1
DA:42,1
DA:43,1
DA:44,1
LF:44
LH:44
BRDA:8,0,0,5
BRDA:15,1,0,1
BRDA:29,2,0,1
BRDA:38,3,0,1
BRDA:41,4,0,2
BRF:5
BRH:5
end_of_record
TN:
SF:src\domain\service\order.service.ts
FN:6,placeOrder
FN:7,total
FNF:2
FNH:2
FNDA:1,placeOrder
FNDA:1,total
DA:1,1
DA:2,1
DA:3,1
DA:4,1
DA:5,1
DA:6,1
DA:7,1
DA:8,1
DA:9,2
DA:10,1
DA:11,1
DA:12,1
DA:13,1
DA:14,1
LF:14
LH:14
BRDA:6,0,0,1
BRDA:7,1,0,1
BRDA:8,2,0,2
BRF:3
BRH:3
end_of_record
TN:
SF:src\domain\service\product.service.ts
FN:4,increasePrice
FNF:1
FNH:1
FNDA:1,increasePrice
DA:1,1
DA:2,1
DA:3,1
DA:4,1
DA:5,1
DA:6,2
DA:7,2
DA:8,1
DA:9,1
DA:10,1
DA:11,1
LF:11
LH:11
BRDA:4,0,0,1
BRDA:5,1,0,2
BRF:2
BRH:2
end_of_record
TN:
SF:src\infrastructure\db\sequelize\model\customer.model.ts
FNF:0
FNH:0
DA:1,1
DA:2,1
DA:3,1
DA:4,1
DA:5,1
DA:6,1
DA:7,1
DA:8,1
DA:9,1
DA:10,1
DA:11,1
DA:12,1
DA:13,1
DA:14,1
DA:15,1
DA:16,1
DA:17,1
DA:18,1
DA:19,1
DA:20,1
DA:21,1
DA:22,1
DA:23,1
DA:24,1
DA:25,1
DA:26,1
DA:27,1
DA:28,1
DA:29,1
DA:30,1
DA:31,1
DA:32,1
DA:33,1
DA:34,1
DA:35,1
DA:36,1
DA:37,1
DA:38,1
DA:39,1
LF:39
LH:39
BRF:0
BRH:0
end_of_record
TN:
SF:src\infrastructure\db\sequelize\model\product.model.ts
FNF:0
FNH:0
DA:1,1
DA:2,1
DA:3,1
DA:4,1
DA:5,1
DA:6,1
DA:7,1
DA:8,1
DA:9,1
DA:10,1
DA:11,1
DA:12,1
DA:13,1
DA:14,1
DA:15,1
DA:16,1
DA:17,1
DA:18,1
DA:19,1
DA:20,1
DA:21,1
DA:22,1
DA:23,1
DA:24,1
LF:24
LH:24
BRF:0
BRH:0
end_of_record
